running egg_info
writing ../../build/multi_tb3_sim/multi_tb3_sim.egg-info/PKG-INFO
writing dependency_links to ../../build/multi_tb3_sim/multi_tb3_sim.egg-info/dependency_links.txt
writing entry points to ../../build/multi_tb3_sim/multi_tb3_sim.egg-info/entry_points.txt
writing requirements to ../../build/multi_tb3_sim/multi_tb3_sim.egg-info/requires.txt
writing top-level names to ../../build/multi_tb3_sim/multi_tb3_sim.egg-info/top_level.txt
reading manifest file '../../build/multi_tb3_sim/multi_tb3_sim.egg-info/SOURCES.txt'
writing manifest file '../../build/multi_tb3_sim/multi_tb3_sim.egg-info/SOURCES.txt'
running build
running build_py
copying multi_tb3_sim/rl_turtlebot_controller.py -> /home/sh0w0ff/turtlebot3_ws/build/multi_tb3_sim/build/lib/multi_tb3_sim
running install
running install_lib
copying /home/sh0w0ff/turtlebot3_ws/build/multi_tb3_sim/build/lib/multi_tb3_sim/rl_turtlebot_controller.py -> /home/sh0w0ff/turtlebot3_ws/install/multi_tb3_sim/lib/python3.10/site-packages/multi_tb3_sim
byte-compiling /home/sh0w0ff/turtlebot3_ws/install/multi_tb3_sim/lib/python3.10/site-packages/multi_tb3_sim/rl_turtlebot_controller.py to rl_turtlebot_controller.cpython-310.pyc
running install_data
running install_egg_info
removing '/home/sh0w0ff/turtlebot3_ws/install/multi_tb3_sim/lib/python3.10/site-packages/multi_tb3_sim-0.0.0-py3.10.egg-info' (and everything under it)
Copying ../../build/multi_tb3_sim/multi_tb3_sim.egg-info to /home/sh0w0ff/turtlebot3_ws/install/multi_tb3_sim/lib/python3.10/site-packages/multi_tb3_sim-0.0.0-py3.10.egg-info
running install_scripts
Installing rl_cityflow_agent script to /home/sh0w0ff/turtlebot3_ws/install/multi_tb3_sim/lib/multi_tb3_sim
writing list of installed files to '/home/sh0w0ff/turtlebot3_ws/build/multi_tb3_sim/install.log'
