[0.517s] Invoking command in '/home/sh0w0ff/turtlebot3_ws/src/multi_tb3_sim': PYTHONPATH=/home/sh0w0ff/turtlebot3_ws/build/multi_tb3_sim/prefix_override:/usr/lib/python3/dist-packages/colcon_core/task/python/colcon_distutils_commands:/home/sh0w0ff/turtlebot3_ws/install/multi_tb3_sim/lib/python3.10/site-packages:${PYTHONPATH} /usr/bin/python3 -W ignore:setup.py install is deprecated -W ignore:easy_install command is deprecated setup.py egg_info --egg-base ../../build/multi_tb3_sim build --build-base /home/sh0w0ff/turtlebot3_ws/build/multi_tb3_sim/build install --record /home/sh0w0ff/turtlebot3_ws/build/multi_tb3_sim/install.log --single-version-externally-managed install_data
[0.719s] running egg_info
[0.720s] creating ../../build/multi_tb3_sim/multi_tb3_sim.egg-info
[0.720s] writing ../../build/multi_tb3_sim/multi_tb3_sim.egg-info/PKG-INFO
[0.720s] writing dependency_links to ../../build/multi_tb3_sim/multi_tb3_sim.egg-info/dependency_links.txt
[0.721s] writing entry points to ../../build/multi_tb3_sim/multi_tb3_sim.egg-info/entry_points.txt
[0.721s] writing requirements to ../../build/multi_tb3_sim/multi_tb3_sim.egg-info/requires.txt
[0.721s] writing top-level names to ../../build/multi_tb3_sim/multi_tb3_sim.egg-info/top_level.txt
[0.721s] writing manifest file '../../build/multi_tb3_sim/multi_tb3_sim.egg-info/SOURCES.txt'
[0.722s] reading manifest file '../../build/multi_tb3_sim/multi_tb3_sim.egg-info/SOURCES.txt'
[0.723s] writing manifest file '../../build/multi_tb3_sim/multi_tb3_sim.egg-info/SOURCES.txt'
[0.723s] running build
[0.723s] running build_py
[0.723s] creating /home/sh0w0ff/turtlebot3_ws/build/multi_tb3_sim/build
[0.723s] creating /home/sh0w0ff/turtlebot3_ws/build/multi_tb3_sim/build/lib
[0.723s] creating /home/sh0w0ff/turtlebot3_ws/build/multi_tb3_sim/build/lib/multi_tb3_sim
[0.723s] copying multi_tb3_sim/__init__.py -> /home/sh0w0ff/turtlebot3_ws/build/multi_tb3_sim/build/lib/multi_tb3_sim
[0.724s] running install
[0.724s] running install_lib
[0.725s] creating /home/sh0w0ff/turtlebot3_ws/install/multi_tb3_sim/lib/python3.10/site-packages/multi_tb3_sim
[0.725s] copying /home/sh0w0ff/turtlebot3_ws/build/multi_tb3_sim/build/lib/multi_tb3_sim/__init__.py -> /home/sh0w0ff/turtlebot3_ws/install/multi_tb3_sim/lib/python3.10/site-packages/multi_tb3_sim
[0.725s] byte-compiling /home/sh0w0ff/turtlebot3_ws/install/multi_tb3_sim/lib/python3.10/site-packages/multi_tb3_sim/__init__.py to __init__.cpython-310.pyc
[0.725s] running install_data
[0.726s] creating /home/sh0w0ff/turtlebot3_ws/install/multi_tb3_sim/share/ament_index
[0.726s] creating /home/sh0w0ff/turtlebot3_ws/install/multi_tb3_sim/share/ament_index/resource_index
[0.726s] creating /home/sh0w0ff/turtlebot3_ws/install/multi_tb3_sim/share/ament_index/resource_index/packages
[0.726s] copying resource/multi_tb3_sim -> /home/sh0w0ff/turtlebot3_ws/install/multi_tb3_sim/share/ament_index/resource_index/packages
[0.726s] copying package.xml -> /home/sh0w0ff/turtlebot3_ws/install/multi_tb3_sim/share/multi_tb3_sim
[0.726s] running install_egg_info
[0.727s] Copying ../../build/multi_tb3_sim/multi_tb3_sim.egg-info to /home/sh0w0ff/turtlebot3_ws/install/multi_tb3_sim/lib/python3.10/site-packages/multi_tb3_sim-0.0.0-py3.10.egg-info
[0.728s] running install_scripts
[0.747s] writing list of installed files to '/home/sh0w0ff/turtlebot3_ws/build/multi_tb3_sim/install.log'
[0.764s] Invoked command in '/home/sh0w0ff/turtlebot3_ws/src/multi_tb3_sim' returned '0': PYTHONPATH=/home/sh0w0ff/turtlebot3_ws/build/multi_tb3_sim/prefix_override:/usr/lib/python3/dist-packages/colcon_core/task/python/colcon_distutils_commands:/home/sh0w0ff/turtlebot3_ws/install/multi_tb3_sim/lib/python3.10/site-packages:${PYTHONPATH} /usr/bin/python3 -W ignore:setup.py install is deprecated -W ignore:easy_install command is deprecated setup.py egg_info --egg-base ../../build/multi_tb3_sim build --build-base /home/sh0w0ff/turtlebot3_ws/build/multi_tb3_sim/build install --record /home/sh0w0ff/turtlebot3_ws/build/multi_tb3_sim/install.log --single-version-externally-managed install_data
