[0.090s] DEBUG:colcon:Command line arguments: ['/usr/bin/colcon', 'build', '--packages-select', 'multi_tb3_sim', '--symlink-install']
[0.090s] DEBUG:colcon:Parsed command line arguments: Namespace(log_base=None, log_level=None, verb_name='build', build_base='build', install_base='install', merge_install=False, symlink_install=True, test_result_base=None, continue_on_error=False, executor='parallel', parallel_workers=12, event_handlers=None, ignore_user_meta=False, metas=['./colcon.meta'], base_paths=['.'], packages_ignore=None, packages_ignore_regex=None, paths=None, packages_up_to=None, packages_up_to_regex=None, packages_above=None, packages_above_and_dependencies=None, packages_above_depth=None, packages_select_by_dep=None, packages_skip_by_dep=None, packages_skip_up_to=None, packages_select_build_failed=False, packages_skip_build_finished=False, packages_select_test_failures=False, packages_skip_test_passed=False, packages_select=['multi_tb3_sim'], packages_skip=None, packages_select_regex=None, packages_skip_regex=None, packages_start=None, packages_end=None, allow_overriding=[], cmake_args=None, cmake_target=None, cmake_target_skip_unavailable=False, cmake_clean_cache=False, cmake_clean_first=False, cmake_force_configure=False, ament_cmake_args=None, catkin_cmake_args=None, catkin_skip_building_tests=False, verb_parser=<colcon_defaults.argument_parser.defaults.DefaultArgumentsDecorator object at 0x78c6914a4b80>, verb_extension=<colcon_core.verb.build.BuildVerb object at 0x78c6914a4580>, main=<bound method BuildVerb.main of <colcon_core.verb.build.BuildVerb object at 0x78c6914a4580>>)
[0.237s] Level 1:colcon.colcon_core.package_discovery:discover_packages(colcon_meta) check parameters
[0.237s] Level 1:colcon.colcon_core.package_discovery:discover_packages(recursive) check parameters
[0.237s] Level 1:colcon.colcon_core.package_discovery:discover_packages(ignore) check parameters
[0.237s] Level 1:colcon.colcon_core.package_discovery:discover_packages(path) check parameters
[0.237s] Level 1:colcon.colcon_core.package_discovery:discover_packages(colcon_meta) discover
[0.237s] Level 1:colcon.colcon_core.package_discovery:discover_packages(recursive) discover
[0.237s] INFO:colcon.colcon_core.package_discovery:Crawling recursively for packages in '/home/sh0w0ff/turtlebot3_ws'
[0.237s] Level 1:colcon.colcon_core.package_identification:_identify(.) by extensions ['ignore', 'ignore_ament_install']
[0.237s] Level 1:colcon.colcon_core.package_identification:_identify(.) by extension 'ignore'
[0.237s] Level 1:colcon.colcon_core.package_identification:_identify(.) by extension 'ignore_ament_install'
[0.237s] Level 1:colcon.colcon_core.package_identification:_identify(.) by extensions ['colcon_pkg']
[0.237s] Level 1:colcon.colcon_core.package_identification:_identify(.) by extension 'colcon_pkg'
[0.237s] Level 1:colcon.colcon_core.package_identification:_identify(.) by extensions ['colcon_meta']
[0.237s] Level 1:colcon.colcon_core.package_identification:_identify(.) by extension 'colcon_meta'
[0.237s] Level 1:colcon.colcon_core.package_identification:_identify(.) by extensions ['ros']
[0.238s] Level 1:colcon.colcon_core.package_identification:_identify(.) by extension 'ros'
[0.246s] Level 1:colcon.colcon_core.package_identification:_identify(.) by extensions ['cmake', 'python']
[0.247s] Level 1:colcon.colcon_core.package_identification:_identify(.) by extension 'cmake'
[0.247s] Level 1:colcon.colcon_core.package_identification:_identify(.) by extension 'python'
[0.247s] Level 1:colcon.colcon_core.package_identification:_identify(.) by extensions ['python_setup_py']
[0.247s] Level 1:colcon.colcon_core.package_identification:_identify(.) by extension 'python_setup_py'
[0.247s] Level 1:colcon.colcon_core.package_identification:_identify(build) by extensions ['ignore', 'ignore_ament_install']
[0.247s] Level 1:colcon.colcon_core.package_identification:_identify(build) by extension 'ignore'
[0.247s] Level 1:colcon.colcon_core.package_identification:_identify(build) ignored
[0.247s] Level 1:colcon.colcon_core.package_identification:_identify(install) by extensions ['ignore', 'ignore_ament_install']
[0.247s] Level 1:colcon.colcon_core.package_identification:_identify(install) by extension 'ignore'
[0.247s] Level 1:colcon.colcon_core.package_identification:_identify(install) ignored
[0.247s] Level 1:colcon.colcon_core.package_identification:_identify(log) by extensions ['ignore', 'ignore_ament_install']
[0.247s] Level 1:colcon.colcon_core.package_identification:_identify(log) by extension 'ignore'
[0.247s] Level 1:colcon.colcon_core.package_identification:_identify(log) ignored
[0.247s] Level 1:colcon.colcon_core.package_identification:_identify(src) by extensions ['ignore', 'ignore_ament_install']
[0.247s] Level 1:colcon.colcon_core.package_identification:_identify(src) by extension 'ignore'
[0.247s] Level 1:colcon.colcon_core.package_identification:_identify(src) by extension 'ignore_ament_install'
[0.247s] Level 1:colcon.colcon_core.package_identification:_identify(src) by extensions ['colcon_pkg']
[0.247s] Level 1:colcon.colcon_core.package_identification:_identify(src) by extension 'colcon_pkg'
[0.247s] Level 1:colcon.colcon_core.package_identification:_identify(src) by extensions ['colcon_meta']
[0.248s] Level 1:colcon.colcon_core.package_identification:_identify(src) by extension 'colcon_meta'
[0.248s] Level 1:colcon.colcon_core.package_identification:_identify(src) by extensions ['ros']
[0.248s] Level 1:colcon.colcon_core.package_identification:_identify(src) by extension 'ros'
[0.248s] Level 1:colcon.colcon_core.package_identification:_identify(src) by extensions ['cmake', 'python']
[0.248s] Level 1:colcon.colcon_core.package_identification:_identify(src) by extension 'cmake'
[0.248s] Level 1:colcon.colcon_core.package_identification:_identify(src) by extension 'python'
[0.248s] Level 1:colcon.colcon_core.package_identification:_identify(src) by extensions ['python_setup_py']
[0.248s] Level 1:colcon.colcon_core.package_identification:_identify(src) by extension 'python_setup_py'
[0.248s] Level 1:colcon.colcon_core.package_identification:_identify(src/CityFlow) by extensions ['ignore', 'ignore_ament_install']
[0.248s] Level 1:colcon.colcon_core.package_identification:_identify(src/CityFlow) by extension 'ignore'
[0.248s] Level 1:colcon.colcon_core.package_identification:_identify(src/CityFlow) by extension 'ignore_ament_install'
[0.248s] Level 1:colcon.colcon_core.package_identification:_identify(src/CityFlow) by extensions ['colcon_pkg']
[0.248s] Level 1:colcon.colcon_core.package_identification:_identify(src/CityFlow) by extension 'colcon_pkg'
[0.248s] Level 1:colcon.colcon_core.package_identification:_identify(src/CityFlow) by extensions ['colcon_meta']
[0.248s] Level 1:colcon.colcon_core.package_identification:_identify(src/CityFlow) by extension 'colcon_meta'
[0.248s] Level 1:colcon.colcon_core.package_identification:_identify(src/CityFlow) by extensions ['ros']
[0.248s] Level 1:colcon.colcon_core.package_identification:_identify(src/CityFlow) by extension 'ros'
[0.248s] Level 1:colcon.colcon_core.package_identification:_identify(src/CityFlow) by extensions ['cmake', 'python']
[0.248s] Level 1:colcon.colcon_core.package_identification:_identify(src/CityFlow) by extension 'cmake'
[0.255s] Level 1:colcon.colcon_core.package_identification:_identify(src/CityFlow) by extension 'python'
[0.255s] DEBUG:colcon.colcon_core.package_identification:Package 'src/CityFlow' with type 'cmake' and name 'cityflow'
[0.255s] Level 1:colcon.colcon_core.package_identification:_identify(src/multi_tb3_sim) by extensions ['ignore', 'ignore_ament_install']
[0.255s] Level 1:colcon.colcon_core.package_identification:_identify(src/multi_tb3_sim) by extension 'ignore'
[0.255s] Level 1:colcon.colcon_core.package_identification:_identify(src/multi_tb3_sim) by extension 'ignore_ament_install'
[0.255s] Level 1:colcon.colcon_core.package_identification:_identify(src/multi_tb3_sim) by extensions ['colcon_pkg']
[0.255s] Level 1:colcon.colcon_core.package_identification:_identify(src/multi_tb3_sim) by extension 'colcon_pkg'
[0.255s] Level 1:colcon.colcon_core.package_identification:_identify(src/multi_tb3_sim) by extensions ['colcon_meta']
[0.255s] Level 1:colcon.colcon_core.package_identification:_identify(src/multi_tb3_sim) by extension 'colcon_meta'
[0.255s] Level 1:colcon.colcon_core.package_identification:_identify(src/multi_tb3_sim) by extensions ['ros']
[0.255s] Level 1:colcon.colcon_core.package_identification:_identify(src/multi_tb3_sim) by extension 'ros'
[0.257s] DEBUG:colcon.colcon_core.package_identification:Package 'src/multi_tb3_sim' with type 'ros.ament_python' and name 'multi_tb3_sim'
[0.257s] Level 1:colcon.colcon_core.package_discovery:discover_packages(recursive) using defaults
[0.257s] Level 1:colcon.colcon_core.package_discovery:discover_packages(ignore) discover
[0.257s] Level 1:colcon.colcon_core.package_discovery:discover_packages(ignore) using defaults
[0.257s] Level 1:colcon.colcon_core.package_discovery:discover_packages(path) discover
[0.257s] Level 1:colcon.colcon_core.package_discovery:discover_packages(path) using defaults
[0.280s] INFO:colcon.colcon_core.package_selection:Skipping not selected package 'cityflow' in 'src/CityFlow'
[0.281s] Level 1:colcon.colcon_core.package_discovery:discover_packages(prefix_path) check parameters
[0.281s] Level 1:colcon.colcon_core.package_discovery:discover_packages(prefix_path) discover
[0.282s] DEBUG:colcon.colcon_installed_package_information.package_discovery:Found 2 installed packages in /home/sh0w0ff/turtlebot3_ws/install
[0.283s] DEBUG:colcon.colcon_installed_package_information.package_discovery:Found 412 installed packages in /opt/ros/humble
[0.285s] Level 1:colcon.colcon_core.package_discovery:discover_packages(prefix_path) using defaults
[0.329s] Level 5:colcon.colcon_core.verb:set package 'multi_tb3_sim' build argument 'cmake_args' from command line to 'None'
[0.329s] Level 5:colcon.colcon_core.verb:set package 'multi_tb3_sim' build argument 'cmake_target' from command line to 'None'
[0.329s] Level 5:colcon.colcon_core.verb:set package 'multi_tb3_sim' build argument 'cmake_target_skip_unavailable' from command line to 'False'
[0.329s] Level 5:colcon.colcon_core.verb:set package 'multi_tb3_sim' build argument 'cmake_clean_cache' from command line to 'False'
[0.329s] Level 5:colcon.colcon_core.verb:set package 'multi_tb3_sim' build argument 'cmake_clean_first' from command line to 'False'
[0.329s] Level 5:colcon.colcon_core.verb:set package 'multi_tb3_sim' build argument 'cmake_force_configure' from command line to 'False'
[0.329s] Level 5:colcon.colcon_core.verb:set package 'multi_tb3_sim' build argument 'ament_cmake_args' from command line to 'None'
[0.329s] Level 5:colcon.colcon_core.verb:set package 'multi_tb3_sim' build argument 'catkin_cmake_args' from command line to 'None'
[0.329s] Level 5:colcon.colcon_core.verb:set package 'multi_tb3_sim' build argument 'catkin_skip_building_tests' from command line to 'False'
[0.329s] DEBUG:colcon.colcon_core.verb:Building package 'multi_tb3_sim' with the following arguments: {'ament_cmake_args': None, 'build_base': '/home/sh0w0ff/turtlebot3_ws/build/multi_tb3_sim', 'catkin_cmake_args': None, 'catkin_skip_building_tests': False, 'cmake_args': None, 'cmake_clean_cache': False, 'cmake_clean_first': False, 'cmake_force_configure': False, 'cmake_target': None, 'cmake_target_skip_unavailable': False, 'install_base': '/home/sh0w0ff/turtlebot3_ws/install/multi_tb3_sim', 'merge_install': False, 'path': '/home/sh0w0ff/turtlebot3_ws/src/multi_tb3_sim', 'symlink_install': True, 'test_result_base': None}
[0.330s] INFO:colcon.colcon_core.executor:Executing jobs using 'parallel' executor
[0.330s] DEBUG:colcon.colcon_parallel_executor.executor.parallel:run_until_complete
[0.330s] INFO:colcon.colcon_ros.task.ament_python.build:Building ROS package in '/home/sh0w0ff/turtlebot3_ws/src/multi_tb3_sim' with build type 'ament_python'
[0.330s] Level 1:colcon.colcon_core.shell:create_environment_hook('multi_tb3_sim', 'ament_prefix_path')
[0.332s] INFO:colcon.colcon_core.plugin_system:Skipping extension 'colcon_core.shell.bat': Not used on non-Windows systems
[0.332s] INFO:colcon.colcon_core.shell:Creating environment hook '/home/sh0w0ff/turtlebot3_ws/install/multi_tb3_sim/share/multi_tb3_sim/hook/ament_prefix_path.ps1'
[0.333s] INFO:colcon.colcon_core.shell:Creating environment descriptor '/home/sh0w0ff/turtlebot3_ws/install/multi_tb3_sim/share/multi_tb3_sim/hook/ament_prefix_path.dsv'
[0.333s] INFO:colcon.colcon_core.shell:Creating environment hook '/home/sh0w0ff/turtlebot3_ws/install/multi_tb3_sim/share/multi_tb3_sim/hook/ament_prefix_path.sh'
[0.334s] INFO:colcon.colcon_core.shell:Skip shell extension 'powershell' for command environment: Not usable outside of PowerShell
[0.334s] DEBUG:colcon.colcon_core.shell:Skip shell extension 'dsv' for command environment
[0.560s] INFO:colcon.colcon_core.task.python.build:Building Python package in '/home/sh0w0ff/turtlebot3_ws/src/multi_tb3_sim'
[0.560s] INFO:colcon.colcon_core.shell:Skip shell extension 'powershell' for command environment: Not usable outside of PowerShell
[0.560s] DEBUG:colcon.colcon_core.shell:Skip shell extension 'dsv' for command environment
[0.869s] DEBUG:colcon.colcon_core.event_handler.log_command:Invoking command in '/home/sh0w0ff/turtlebot3_ws/build/multi_tb3_sim': PYTHONPATH=/home/sh0w0ff/turtlebot3_ws/build/multi_tb3_sim/prefix_override:/usr/lib/python3/dist-packages/colcon_core/task/python/colcon_distutils_commands:/home/sh0w0ff/turtlebot3_ws/install/multi_tb3_sim/lib/python3.10/site-packages:${PYTHONPATH} /usr/bin/python3 -W ignore:setup.py install is deprecated -W ignore:easy_install command is deprecated setup.py develop --editable --build-directory /home/sh0w0ff/turtlebot3_ws/build/multi_tb3_sim/build --no-deps symlink_data
[1.257s] Level 1:colcon.colcon_core.shell:create_environment_hook('multi_tb3_sim', 'pythonpath_develop')
[1.257s] INFO:colcon.colcon_core.shell:Creating environment hook '/home/sh0w0ff/turtlebot3_ws/build/multi_tb3_sim/share/multi_tb3_sim/hook/pythonpath_develop.ps1'
[1.257s] DEBUG:colcon.colcon_core.event_handler.log_command:Invoked command in '/home/sh0w0ff/turtlebot3_ws/build/multi_tb3_sim' returned '0': PYTHONPATH=/home/sh0w0ff/turtlebot3_ws/build/multi_tb3_sim/prefix_override:/usr/lib/python3/dist-packages/colcon_core/task/python/colcon_distutils_commands:/home/sh0w0ff/turtlebot3_ws/install/multi_tb3_sim/lib/python3.10/site-packages:${PYTHONPATH} /usr/bin/python3 -W ignore:setup.py install is deprecated -W ignore:easy_install command is deprecated setup.py develop --editable --build-directory /home/sh0w0ff/turtlebot3_ws/build/multi_tb3_sim/build --no-deps symlink_data
[1.258s] INFO:colcon.colcon_core.shell:Creating environment descriptor '/home/sh0w0ff/turtlebot3_ws/build/multi_tb3_sim/share/multi_tb3_sim/hook/pythonpath_develop.dsv'
[1.258s] INFO:colcon.colcon_core.shell:Creating environment hook '/home/sh0w0ff/turtlebot3_ws/build/multi_tb3_sim/share/multi_tb3_sim/hook/pythonpath_develop.sh'
[1.260s] Level 1:colcon.colcon_core.environment:checking '/home/sh0w0ff/turtlebot3_ws/install/multi_tb3_sim' for CMake module files
[1.261s] Level 1:colcon.colcon_core.environment:checking '/home/sh0w0ff/turtlebot3_ws/install/multi_tb3_sim' for CMake config files
[1.261s] Level 1:colcon.colcon_core.environment:checking '/home/sh0w0ff/turtlebot3_ws/install/multi_tb3_sim/lib'
[1.261s] Level 1:colcon.colcon_core.environment:checking '/home/sh0w0ff/turtlebot3_ws/install/multi_tb3_sim/bin'
[1.261s] Level 1:colcon.colcon_core.environment:checking '/home/sh0w0ff/turtlebot3_ws/install/multi_tb3_sim/lib/pkgconfig/multi_tb3_sim.pc'
[1.262s] Level 1:colcon.colcon_core.environment:checking '/home/sh0w0ff/turtlebot3_ws/install/multi_tb3_sim/lib/python3.10/site-packages'
[1.262s] Level 1:colcon.colcon_core.shell:create_environment_hook('multi_tb3_sim', 'pythonpath')
[1.262s] INFO:colcon.colcon_core.shell:Creating environment hook '/home/sh0w0ff/turtlebot3_ws/install/multi_tb3_sim/share/multi_tb3_sim/hook/pythonpath.ps1'
[1.262s] INFO:colcon.colcon_core.shell:Creating environment descriptor '/home/sh0w0ff/turtlebot3_ws/install/multi_tb3_sim/share/multi_tb3_sim/hook/pythonpath.dsv'
[1.262s] INFO:colcon.colcon_core.shell:Creating environment hook '/home/sh0w0ff/turtlebot3_ws/install/multi_tb3_sim/share/multi_tb3_sim/hook/pythonpath.sh'
[1.263s] Level 1:colcon.colcon_core.environment:checking '/home/sh0w0ff/turtlebot3_ws/install/multi_tb3_sim/bin'
[1.263s] Level 1:colcon.colcon_core.environment:create_environment_scripts_only(multi_tb3_sim)
[1.263s] INFO:colcon.colcon_core.shell:Creating package script '/home/sh0w0ff/turtlebot3_ws/install/multi_tb3_sim/share/multi_tb3_sim/package.ps1'
[1.264s] INFO:colcon.colcon_core.shell:Creating package descriptor '/home/sh0w0ff/turtlebot3_ws/install/multi_tb3_sim/share/multi_tb3_sim/package.dsv'
[1.264s] INFO:colcon.colcon_core.shell:Creating package script '/home/sh0w0ff/turtlebot3_ws/install/multi_tb3_sim/share/multi_tb3_sim/package.sh'
[1.265s] INFO:colcon.colcon_core.shell:Creating package script '/home/sh0w0ff/turtlebot3_ws/install/multi_tb3_sim/share/multi_tb3_sim/package.bash'
[1.266s] INFO:colcon.colcon_core.shell:Creating package script '/home/sh0w0ff/turtlebot3_ws/install/multi_tb3_sim/share/multi_tb3_sim/package.zsh'
[1.266s] Level 1:colcon.colcon_core.environment:create_file_with_runtime_dependencies(/home/sh0w0ff/turtlebot3_ws/install/multi_tb3_sim/share/colcon-core/packages/multi_tb3_sim)
[1.267s] DEBUG:colcon.colcon_parallel_executor.executor.parallel:closing loop
[1.267s] DEBUG:colcon.colcon_parallel_executor.executor.parallel:loop closed
[1.267s] DEBUG:colcon.colcon_parallel_executor.executor.parallel:run_until_complete finished with '0'
[1.267s] DEBUG:colcon.colcon_core.event_reactor:joining thread
[1.273s] INFO:colcon.colcon_core.plugin_system:Skipping extension 'colcon_notification.desktop_notification.terminal_notifier': Not used on non-Darwin systems
[1.273s] INFO:colcon.colcon_core.plugin_system:Skipping extension 'colcon_notification.desktop_notification.win32': Not used on non-Windows systems
[1.273s] INFO:colcon.colcon_notification.desktop_notification:Sending desktop notification using 'notify2'
[1.283s] DEBUG:colcon.colcon_core.event_reactor:joined thread
[1.283s] INFO:colcon.colcon_core.shell:Creating prefix script '/home/sh0w0ff/turtlebot3_ws/install/local_setup.ps1'
[1.284s] INFO:colcon.colcon_core.shell:Creating prefix util module '/home/sh0w0ff/turtlebot3_ws/install/_local_setup_util_ps1.py'
[1.285s] INFO:colcon.colcon_core.shell:Creating prefix chain script '/home/sh0w0ff/turtlebot3_ws/install/setup.ps1'
[1.286s] INFO:colcon.colcon_core.shell:Creating prefix script '/home/sh0w0ff/turtlebot3_ws/install/local_setup.sh'
[1.287s] INFO:colcon.colcon_core.shell:Creating prefix util module '/home/sh0w0ff/turtlebot3_ws/install/_local_setup_util_sh.py'
[1.287s] INFO:colcon.colcon_core.shell:Creating prefix chain script '/home/sh0w0ff/turtlebot3_ws/install/setup.sh'
[1.288s] INFO:colcon.colcon_core.shell:Creating prefix script '/home/sh0w0ff/turtlebot3_ws/install/local_setup.bash'
[1.288s] INFO:colcon.colcon_core.shell:Creating prefix chain script '/home/sh0w0ff/turtlebot3_ws/install/setup.bash'
[1.290s] INFO:colcon.colcon_core.shell:Creating prefix script '/home/sh0w0ff/turtlebot3_ws/install/local_setup.zsh'
[1.290s] INFO:colcon.colcon_core.shell:Creating prefix chain script '/home/sh0w0ff/turtlebot3_ws/install/setup.zsh'
