running egg_info
creating ../../build/multi_tb3_sim/multi_tb3_sim.egg-info
writing ../../build/multi_tb3_sim/multi_tb3_sim.egg-info/PKG-INFO
writing dependency_links to ../../build/multi_tb3_sim/multi_tb3_sim.egg-info/dependency_links.txt
writing entry points to ../../build/multi_tb3_sim/multi_tb3_sim.egg-info/entry_points.txt
writing requirements to ../../build/multi_tb3_sim/multi_tb3_sim.egg-info/requires.txt
writing top-level names to ../../build/multi_tb3_sim/multi_tb3_sim.egg-info/top_level.txt
writing manifest file '../../build/multi_tb3_sim/multi_tb3_sim.egg-info/SOURCES.txt'
reading manifest file '../../build/multi_tb3_sim/multi_tb3_sim.egg-info/SOURCES.txt'
writing manifest file '../../build/multi_tb3_sim/multi_tb3_sim.egg-info/SOURCES.txt'
running build
running build_py
creating /home/sh0w0ff/turtlebot3_ws/build/multi_tb3_sim/build
creating /home/sh0w0ff/turtlebot3_ws/build/multi_tb3_sim/build/lib
creating /home/sh0w0ff/turtlebot3_ws/build/multi_tb3_sim/build/lib/multi_tb3_sim
copying multi_tb3_sim/__init__.py -> /home/sh0w0ff/turtlebot3_ws/build/multi_tb3_sim/build/lib/multi_tb3_sim
running install
running install_lib
creating /home/sh0w0ff/turtlebot3_ws/install/multi_tb3_sim/lib/python3.10/site-packages/multi_tb3_sim
copying /home/sh0w0ff/turtlebot3_ws/build/multi_tb3_sim/build/lib/multi_tb3_sim/__init__.py -> /home/sh0w0ff/turtlebot3_ws/install/multi_tb3_sim/lib/python3.10/site-packages/multi_tb3_sim
byte-compiling /home/sh0w0ff/turtlebot3_ws/install/multi_tb3_sim/lib/python3.10/site-packages/multi_tb3_sim/__init__.py to __init__.cpython-310.pyc
running install_data
creating /home/sh0w0ff/turtlebot3_ws/install/multi_tb3_sim/share/ament_index
creating /home/sh0w0ff/turtlebot3_ws/install/multi_tb3_sim/share/ament_index/resource_index
creating /home/sh0w0ff/turtlebot3_ws/install/multi_tb3_sim/share/ament_index/resource_index/packages
copying resource/multi_tb3_sim -> /home/sh0w0ff/turtlebot3_ws/install/multi_tb3_sim/share/ament_index/resource_index/packages
copying package.xml -> /home/sh0w0ff/turtlebot3_ws/install/multi_tb3_sim/share/multi_tb3_sim
creating /home/sh0w0ff/turtlebot3_ws/install/multi_tb3_sim/share/multi_tb3_sim/launch
copying launch/multi_turtlebot3.launch.py -> /home/sh0w0ff/turtlebot3_ws/install/multi_tb3_sim/share/multi_tb3_sim/launch
running install_egg_info
Copying ../../build/multi_tb3_sim/multi_tb3_sim.egg-info to /home/sh0w0ff/turtlebot3_ws/install/multi_tb3_sim/lib/python3.10/site-packages/multi_tb3_sim-0.0.0-py3.10.egg-info
running install_scripts
writing list of installed files to '/home/sh0w0ff/turtlebot3_ws/build/multi_tb3_sim/install.log'
